<?xml version="1.0" encoding="UTF-8"?>
<!-- Generated by org.testng.reporters.JUnitXMLReporter -->
<testsuite ignored="1" hostname="del1-lhp-n77107" failures="0" tests="1" name="Default test" time="15.765" errors="0" timestamp="10 Apr 2023 13:59:39 GMT">
  <testcase classname="com.blessing.qa.test.LoginPageTest" name="Test1" time="0.01"/>
  <testcase classname="com.blessing.qa.test.LoginPageTest" name="Karyal1" time="0.0">
    <ignored/>
  </testcase> <!-- Karyal1 -->
</testsuite> <!-- Default test -->
