<?xml version="1.0" encoding="UTF-8"?>
<testng-results ignored="1" total="2" passed="1" failed="0" skipped="0">
  <reporter-output>
  </reporter-output>
  <suite started-at="2023-04-10T13:59:23Z" name="Default suite" finished-at="2023-04-10T13:59:39Z" duration-ms="15765">
    <groups>
    </groups>
    <test started-at="2023-04-10T13:59:23Z" name="Default test" finished-at="2023-04-10T13:59:39Z" duration-ms="15765">
      <class name="com.blessing.qa.test.LoginPageTest">
        <test-method is-config="true" signature="setUp()[pri:0, instance:com.blessing.qa.test.LoginPageTest@3370f42]" started-at="2023-04-10T19:29:23Z" name="setUp" finished-at="2023-04-10T19:29:33Z" duration-ms="10101" status="PASS">
          <reporter-output>
          </reporter-output>
        </test-method> <!-- setUp -->
        <test-method signature="Test1()[pri:0, instance:com.blessing.qa.test.LoginPageTest@3370f42]" started-at="2023-04-10T19:29:33Z" name="Test1" finished-at="2023-04-10T19:29:33Z" duration-ms="10" status="PASS">
          <reporter-output>
          </reporter-output>
        </test-method> <!-- Test1 -->
        <test-method is-config="true" signature="tearDown()[pri:0, instance:com.blessing.qa.test.LoginPageTest@3370f42]" started-at="2023-04-10T19:29:33Z" name="tearDown" finished-at="2023-04-10T19:29:39Z" duration-ms="5627" status="PASS">
          <reporter-output>
          </reporter-output>
        </test-method> <!-- tearDown -->
      </class> <!-- com.blessing.qa.test.LoginPageTest -->
    </test> <!-- Default test -->
  </suite> <!-- Default suite -->
</testng-results>
